[0414/171936.409:ERROR:process_reader_win.cc(233)] ReadMemory at 0x6f800000 of 64 bytes failed: 仅完成部分的 ReadProcessMemory 或 WriteProcessMemory 请求。 (0x12B)
[0414/171936.410:WARNING:pe_image_reader.cc(281)] could not read dos header from C:\Windows\SYSTEM32\MSACM32.dll
[0414/171936.410:ERROR:process_reader_win.cc(233)] ReadMemory at 0x71130000 of 64 bytes failed: 仅完成部分的 ReadProcessMemory 或 WriteProcessMemory 请求。 (0x12B)
[0414/171936.410:WARNING:pe_image_reader.cc(281)] could not read dos header from C:\Windows\SYSTEM32\iertutil.dll
[0414/171936.410:ERROR:process_reader_win.cc(233)] ReadMemory at 0x71360000 of 64 bytes failed: 仅完成部分的 ReadProcessMemory 或 WriteProcessMemory 请求。 (0x12B)
[0414/171936.410:WARNING:pe_image_reader.cc(281)] could not read dos header from C:\Windows\SYSTEM32\urlmon.dll
[0414/171936.468:ERROR:process_reader_win.cc(233)] ReadMemory at 0x72e90000 of 64 bytes failed: 仅完成部分的 ReadProcessMemory 或 WriteProcessMemory 请求。 (0x12B)
[0414/171936.468:WARNING:pe_image_reader.cc(281)] could not read dos header from C:\Windows\SYSTEM32\bcrypt.dll
[0414/171936.468:ERROR:process_reader_win.cc(233)] ReadMemory at 0x70870000 of 64 bytes failed: 仅完成部分的 ReadProcessMemory 或 WriteProcessMemory 请求。 (0x12B)
[0414/171936.468:WARNING:pe_image_reader.cc(281)] could not read dos header from C:\Windows\SYSTEM32\WINSPOOL.DRV
[0414/171936.468:ERROR:process_reader_win.cc(233)] ReadMemory at 0x708e0000 of 64 bytes failed: 仅完成部分的 ReadProcessMemory 或 WriteProcessMemory 请求。 (0x12B)
[0414/171936.469:WARNING:pe_image_reader.cc(281)] could not read dos header from C:\Windows\SYSTEM32\MPR.dll
[0414/171936.469:ERROR:process_reader_win.cc(233)] ReadMemory at 0x55d0000 of 64 bytes failed: 仅完成部分的 ReadProcessMemory 或 WriteProcessMemory 请求。 (0x12B)
[0414/171936.469:WARNING:pe_image_reader.cc(281)] could not read dos header from C:\Program Files (x86)\Google\Chrome\Application\57.0.2987.110\chrome_elf.dll
[0414/171936.469:ERROR:process_reader_win.cc(233)] ReadMemory at 0x74860000 of 64 bytes failed: 仅完成部分的 ReadProcessMemory 或 WriteProcessMemory 请求。 (0x12B)
[0414/171936.469:WARNING:pe_image_reader.cc(281)] could not read dos header from C:\Windows\System32\PSAPI.DLL
[0414/171936.469:ERROR:process_reader_win.cc(233)] ReadMemory at 0x72720000 of 64 bytes failed: 仅完成部分的 ReadProcessMemory 或 WriteProcessMemory 请求。 (0x12B)
[0414/171936.469:WARNING:pe_image_reader.cc(281)] could not read dos header from C:\Windows\SYSTEM32\WINHTTP.dll
[0414/171936.469:ERROR:process_reader_win.cc(233)] ReadMemory at 0x77e80000 of 64 bytes failed: 仅完成部分的 ReadProcessMemory 或 WriteProcessMemory 请求。 (0x12B)
[0414/171936.469:WARNING:pe_image_reader.cc(281)] could not read dos header from C:\Windows\SYSTEM32\ninput.dll
[0414/171936.469:ERROR:process_reader_win.cc(233)] ReadMemory at 0x77410000 of 64 bytes failed: 仅完成部分的 ReadProcessMemory 或 WriteProcessMemory 请求。 (0x12B)
[0414/171936.469:WARNING:pe_image_reader.cc(281)] could not read dos header from C:\Windows\System32\WS2_32.dll
[0414/171936.469:ERROR:process_reader_win.cc(233)] ReadMemory at 0x73de0000 of 64 bytes failed: 仅完成部分的 ReadProcessMemory 或 WriteProcessMemory 请求。 (0x12B)
[0414/171936.469:WARNING:pe_image_reader.cc(281)] could not read dos header from C:\Windows\SYSTEM32\NETAPI32.dll
[0414/171936.469:ERROR:process_reader_win.cc(233)] ReadMemory at 0x72eb0000 of 64 bytes failed: 仅完成部分的 ReadProcessMemory 或 WriteProcessMemory 请求。 (0x12B)
[0414/171936.469:WARNING:pe_image_reader.cc(281)] could not read dos header from C:\Windows\SYSTEM32\WKSCLI.DLL
[0414/171936.469:ERROR:process_reader_win.cc(233)] ReadMemory at 0x73950000 of 64 bytes failed: 仅完成部分的 ReadProcessMemory 或 WriteProcessMemory 请求。 (0x12B)
[0414/171936.469:WARNING:pe_image_reader.cc(281)] could not read dos header from C:\Windows\SYSTEM32\NETUTILS.DLL
[0414/171936.469:ERROR:process_reader_win.cc(233)] ReadMemory at 0x72fb0000 of 64 bytes failed: 仅完成部分的 ReadProcessMemory 或 WriteProcessMemory 请求。 (0x12B)
[0414/171936.469:WARNING:pe_image_reader.cc(281)] could not read dos header from D:\Program Files (x86)\360Safe\safemon\safemon.dll
[0414/171936.469:ERROR:process_reader_win.cc(233)] ReadMemory at 0x5e580000 of 64 bytes failed: 仅完成部分的 ReadProcessMemory 或 WriteProcessMemory 请求。 (0x12B)
[0414/171936.469:WARNING:pe_image_reader.cc(281)] could not read dos header from D:\Program Files (x86)\360Safe\safemon\iNetSafe.dll
[0414/171936.469:ERROR:process_reader_win.cc(233)] ReadMemory at 0x70a30000 of 64 bytes failed: 仅完成部分的 ReadProcessMemory 或 WriteProcessMemory 请求。 (0x12B)
[0414/171936.469:WARNING:pe_image_reader.cc(281)] could not read dos header from C:\Windows\WinSxS\x86_microsoft.windows.common-controls_6595b64144ccf1df_6.0.14393.953_none_89c2555adb023171\COMCTL32.dll
[0414/171936.469:ERROR:process_reader_win.cc(233)] ReadMemory at 0x74f20000 of 64 bytes failed: 仅完成部分的 ReadProcessMemory 或 WriteProcessMemory 请求。 (0x12B)
[0414/171936.469:WARNING:pe_image_reader.cc(281)] could not read dos header from C:\Windows\System32\COMDLG32.dll
[0414/171936.469:ERROR:process_reader_win.cc(233)] ReadMemory at 0x71d50000 of 64 bytes failed: 仅完成部分的 ReadProcessMemory 或 WriteProcessMemory 请求。 (0x12B)
[0414/171936.469:WARNING:pe_image_reader.cc(281)] could not read dos header from C:\Windows\SYSTEM32\dbghelp.dll
[0414/171936.469:ERROR:process_reader_win.cc(233)] ReadMemory at 0x70360000 of 64 bytes failed: 仅完成部分的 ReadProcessMemory 或 WriteProcessMemory 请求。 (0x12B)
[0414/171936.469:WARNING:pe_image_reader.cc(281)] could not read dos header from C:\Windows\SYSTEM32\USP10.dll
[0414/171936.469:ERROR:process_reader_win.cc(233)] ReadMemory at 0x73db0000 of 64 bytes failed: 仅完成部分的 ReadProcessMemory 或 WriteProcessMemory 请求。 (0x12B)
[0414/171936.469:WARNING:pe_image_reader.cc(281)] could not read dos header from C:\Windows\SYSTEM32\IPHLPAPI.DLL
[0414/171936.469:ERROR:process_reader_win.cc(233)] ReadMemory at 0x73a90000 of 64 bytes failed: 仅完成部分的 ReadProcessMemory 或 WriteProcessMemory 请求。 (0x12B)
[0414/171936.469:WARNING:pe_image_reader.cc(281)] could not read dos header from C:\Windows\SYSTEM32\Secur32.dll
[0414/171936.469:ERROR:process_reader_win.cc(233)] ReadMemory at 0x6edd0000 of 64 bytes failed: 仅完成部分的 ReadProcessMemory 或 WriteProcessMemory 请求。 (0x12B)
[0414/171936.469:WARNING:pe_image_reader.cc(281)] could not read dos header from C:\Windows\SYSTEM32\DWrite.dll
[0414/171936.469:ERROR:process_reader_win.cc(233)] ReadMemory at 0x59e70000 of 64 bytes failed: 仅完成部分的 ReadProcessMemory 或 WriteProcessMemory 请求。 (0x12B)
[0414/171936.470:WARNING:pe_image_reader.cc(281)] could not read dos header from C:\Windows\SYSTEM32\FONTSUB.dll
[0414/171936.470:ERROR:process_reader_win.cc(233)] ReadMemory at 0x757e0000 of 64 bytes failed: 仅完成部分的 ReadProcessMemory 或 WriteProcessMemory 请求。 (0x12B)
[0414/171936.470:WARNING:pe_image_reader.cc(281)] could not read dos header from C:\Windows\System32\MSASN1.dll
[0414/171936.470:ERROR:process_reader_win.cc(233)] ReadMemory at 0x74da0000 of 64 bytes failed: 仅完成部分的 ReadProcessMemory 或 WriteProcessMemory 请求。 (0x12B)
[0414/171936.470:WARNING:pe_image_reader.cc(281)] could not read dos header from C:\Windows\System32\CRYPT32.dll
[0414/171936.470:ERROR:process_reader_win.cc(233)] ReadMemory at 0x76e20000 of 64 bytes failed: 仅完成部分的 ReadProcessMemory 或 WriteProcessMemory 请求。 (0x12B)
[0414/171936.470:WARNING:pe_image_reader.cc(281)] could not read dos header from C:\Windows\System32\WINTRUST.dll
[0414/171936.470:ERROR:process_reader_win.cc(233)] ReadMemory at 0xfae0000 of 64 bytes failed: 仅完成部分的 ReadProcessMemory 或 WriteProcessMemory 请求。 (0x12B)
[0414/171936.470:WARNING:pe_image_reader.cc(281)] could not read dos header from C:\Program Files (x86)\Google\Chrome\Application\57.0.2987.110\chrome_child.dll
[0414/171936.470:ERROR:process_reader_win.cc(233)] ReadMemory at 0xca0000 of 64 bytes failed: 仅完成部分的 ReadProcessMemory 或 WriteProcessMemory 请求。 (0x12B)
[0414/171936.470:WARNING:pe_image_reader.cc(281)] could not read dos header from C:\Program Files (x86)\Google\Chrome\Application\chrome.exe
[0414/171936.470:ERROR:process_reader_win.cc(233)] ReadMemory at 0x746b0000 of 64 bytes failed: 仅完成部分的 ReadProcessMemory 或 WriteProcessMemory 请求。 (0x12B)
[0414/171936.470:WARNING:pe_image_reader.cc(281)] could not read dos header from C:\Windows\System32\KERNELBASE.dll
[0414/171936.470:ERROR:process_reader_win.cc(233)] ReadMemory at 0x75070000 of 64 bytes failed: 仅完成部分的 ReadProcessMemory 或 WriteProcessMemory 请求。 (0x12B)
[0414/171936.470:WARNING:pe_image_reader.cc(281)] could not read dos header from C:\Windows\System32\KERNEL32.DLL
[0414/171936.470:ERROR:process_reader_win.cc(233)] ReadMemory at 0x78440000 of 64 bytes failed: 仅完成部分的 ReadProcessMemory 或 WriteProcessMemory 请求。 (0x12B)
[0414/171936.470:WARNING:pe_image_reader.cc(281)] could not read dos header from C:\Windows\AppPatch\AcGenral.dll
[0414/171936.470:ERROR:process_reader_win.cc(233)] ReadMemory at 0x77480000 of 64 bytes failed: 仅完成部分的 ReadProcessMemory 或 WriteProcessMemory 请求。 (0x12B)
[0414/171936.470:WARNING:pe_image_reader.cc(281)] could not read dos header from C:\Windows\SYSTEM32\ntdll.dll
[0414/171936.470:ERROR:process_reader_win.cc(233)] ReadMemory at 0x6ebf0000 of 64 bytes failed: 仅完成部分的 ReadProcessMemory 或 WriteProcessMemory 请求。 (0x12B)
[0414/171936.470:WARNING:pe_image_reader.cc(281)] could not read dos header from C:\Windows\system32\apphelp.dll
[0414/171936.470:ERROR:process_reader_win.cc(233)] ReadMemory at 0x74a80000 of 64 bytes failed: 仅完成部分的 ReadProcessMemory 或 WriteProcessMemory 请求。 (0x12B)
[0414/171936.470:WARNING:pe_image_reader.cc(281)] could not read dos header from C:\Windows\System32\msvcrt.dll
[0414/171936.470:ERROR:process_reader_win.cc(233)] ReadMemory at 0x75010000 of 64 bytes failed: 仅完成部分的 ReadProcessMemory 或 WriteProcessMemory 请求。 (0x12B)
[0414/171936.470:WARNING:pe_image_reader.cc(281)] could not read dos header from C:\Windows\System32\bcryptPrimitives.dll
[0414/171936.470:ERROR:process_reader_win.cc(233)] ReadMemory at 0x73f30000 of 64 bytes failed: 仅完成部分的 ReadProcessMemory 或 WriteProcessMemory 请求。 (0x12B)
[0414/171936.470:WARNING:pe_image_reader.cc(281)] could not read dos header from C:\Windows\System32\CRYPTBASE.dll
[0414/171936.470:ERROR:process_reader_win.cc(233)] ReadMemory at 0x73f40000 of 64 bytes failed: 仅完成部分的 ReadProcessMemory 或 WriteProcessMemory 请求。 (0x12B)
[0414/171936.470:WARNING:pe_image_reader.cc(281)] could not read dos header from C:\Windows\System32\SspiCli.dll
[0414/171936.470:ERROR:process_reader_win.cc(233)] ReadMemory at 0x74ca0000 of 64 bytes failed: 仅完成部分的 ReadProcessMemory 或 WriteProcessMemory 请求。 (0x12B)
[0414/171936.470:WARNING:pe_image_reader.cc(281)] could not read dos header from C:\Windows\System32\RPCRT4.dll
[0414/171936.470:ERROR:process_reader_win.cc(233)] ReadMemory at 0x74bb0000 of 64 bytes failed: 仅完成部分的 ReadProcessMemory 或 WriteProcessMemory 请求。 (0x12B)
[0414/171936.470:WARNING:pe_image_reader.cc(281)] could not read dos header from C:\Windows\System32\sechost.dll
[0414/171936.470:ERROR:process_reader_win.cc(233)] ReadMemory at 0x77330000 of 64 bytes failed: 仅完成部分的 ReadProcessMemory 或 WriteProcessMemory 请求。 (0x12B)
[0414/171936.470:WARNING:pe_image_reader.cc(281)] could not read dos header from C:\Windows\System32\ucrtbase.dll
[0414/171936.470:ERROR:process_reader_win.cc(233)] ReadMemory at 0x754e0000 of 64 bytes failed: 仅完成部分的 ReadProcessMemory 或 WriteProcessMemory 请求。 (0x12B)
[0414/171936.470:WARNING:pe_image_reader.cc(281)] could not read dos header from C:\Windows\System32\combase.dll
[0414/171936.470:ERROR:process_reader_win.cc(233)] ReadMemory at 0x74c00000 of 64 bytes failed: 仅完成部分的 ReadProcessMemory 或 WriteProcessMemory 请求。 (0x12B)
[0414/171936.470:WARNING:pe_image_reader.cc(281)] could not read dos header from C:\Windows\System32\win32u.dll
[0414/171936.470:ERROR:process_reader_win.cc(233)] ReadMemory at 0x74540000 of 64 bytes failed: 仅完成部分的 ReadProcessMemory 或 WriteProcessMemory 请求。 (0x12B)
[0414/171936.470:WARNING:pe_image_reader.cc(281)] could not read dos header from C:\Windows\System32\USER32.dll
[0414/171936.470:ERROR:process_reader_win.cc(233)] ReadMemory at 0x758e0000 of 64 bytes failed: 仅完成部分的 ReadProcessMemory 或 WriteProcessMemory 请求。 (0x12B)
[0414/171936.470:WARNING:pe_image_reader.cc(281)] could not read dos header from C:\Windows\System32\gdi32full.dll
[0414/171936.470:ERROR:process_reader_win.cc(233)] ReadMemory at 0x73f60000 of 64 bytes failed: 仅完成部分的 ReadProcessMemory 或 WriteProcessMemory 请求。 (0x12B)
[0414/171936.470:WARNING:pe_image_reader.cc(281)] could not read dos header from C:\Windows\System32\GDI32.dll
[0414/171936.470:ERROR:process_reader_win.cc(233)] ReadMemory at 0x74d70000 of 64 bytes failed: 仅完成部分的 ReadProcessMemory 或 WriteProcessMemory 请求。 (0x12B)
[0414/171936.470:WARNING:pe_image_reader.cc(281)] could not read dos header from C:\Windows\System32\IMM32.DLL
[0414/171936.470:ERROR:process_reader_win.cc(233)] ReadMemory at 0x74b40000 of 64 bytes failed: 仅完成部分的 ReadProcessMemory 或 WriteProcessMemory 请求。 (0x12B)
[0414/171936.470:WARNING:pe_image_reader.cc(281)] could not read dos header from C:\Windows\System32\SHLWAPI.dll
[0414/171936.470:ERROR:process_reader_win.cc(233)] ReadMemory at 0x71750000 of 64 bytes failed: 仅完成部分的 ReadProcessMemory 或 WriteProcessMemory 请求。 (0x12B)
[0414/171936.470:WARNING:pe_image_reader.cc(281)] could not read dos header from C:\Windows\SYSTEM32\UxTheme.dll
[0414/171936.470:ERROR:process_reader_win.cc(233)] ReadMemory at 0x74500000 of 64 bytes failed: 仅完成部分的 ReadProcessMemory 或 WriteProcessMemory 请求。 (0x12B)
[0414/171936.470:WARNING:pe_image_reader.cc(281)] could not read dos header from C:\Windows\System32\cfgmgr32.dll
[0414/171936.470:ERROR:process_reader_win.cc(233)] ReadMemory at 0x73ae0000 of 64 bytes failed: 仅完成部分的 ReadProcessMemory 或 WriteProcessMemory 请求。 (0x12B)
[0414/171936.470:WARNING:pe_image_reader.cc(281)] could not read dos header from C:\Windows\SYSTEM32\WINMMBASE.dll
[0414/171936.471:ERROR:process_reader_win.cc(233)] ReadMemory at 0x73b10000 of 64 bytes failed: 仅完成部分的 ReadProcessMemory 或 WriteProcessMemory 请求。 (0x12B)
[0414/171936.471:WARNING:pe_image_reader.cc(281)] could not read dos header from C:\Windows\SYSTEM32\WINMM.dll
[0414/171936.471:ERROR:process_reader_win.cc(233)] ReadMemory at 0x73960000 of 64 bytes failed: 仅完成部分的 ReadProcessMemory 或 WriteProcessMemory 请求。 (0x12B)
[0414/171936.471:WARNING:pe_image_reader.cc(281)] could not read dos header from C:\Windows\SYSTEM32\samcli.dll
[0414/171936.471:ERROR:process_reader_win.cc(233)] ReadMemory at 0x75290000 of 64 bytes failed: 仅完成部分的 ReadProcessMemory 或 WriteProcessMemory 请求。 (0x12B)
[0414/171936.471:WARNING:pe_image_reader.cc(281)] could not read dos header from C:\Windows\System32\ole32.dll
[0414/171936.471:ERROR:process_reader_win.cc(233)] ReadMemory at 0x75760000 of 64 bytes failed: 仅完成部分的 ReadProcessMemory 或 WriteProcessMemory 请求。 (0x12B)
[0414/171936.471:WARNING:pe_image_reader.cc(281)] could not read dos header from C:\Windows\System32\msvcp_win.dll
[0414/171936.471:ERROR:process_reader_win.cc(233)] ReadMemory at 0x749e0000 of 64 bytes failed: 仅完成部分的 ReadProcessMemory 或 WriteProcessMemory 请求。 (0x12B)
[0414/171936.471:WARNING:pe_image_reader.cc(281)] could not read dos header from C:\Windows\System32\OLEAUT32.dll
[0414/171936.471:ERROR:process_reader_win.cc(233)] ReadMemory at 0x74c20000 of 64 bytes failed: 仅完成部分的 ReadProcessMemory 或 WriteProcessMemory 请求。 (0x12B)
[0414/171936.471:WARNING:pe_image_reader.cc(281)] could not read dos header from C:\Windows\System32\advapi32.dll
[0414/171936.471:ERROR:process_reader_win.cc(233)] ReadMemory at 0x6f800000 of 64 bytes failed: 仅完成部分的 ReadProcessMemory 或 WriteProcessMemory 请求。 (0x12B)
[0414/171936.471:WARNING:pe_image_reader.cc(281)] could not read dos header from C:\Windows\SYSTEM32\MSACM32.dll
[0414/171936.471:ERROR:process_reader_win.cc(233)] ReadMemory at 0x73f20000 of 64 bytes failed: 仅完成部分的 ReadProcessMemory 或 WriteProcessMemory 请求。 (0x12B)
[0414/171936.471:WARNING:pe_image_reader.cc(281)] could not read dos header from C:\Windows\SYSTEM32\VERSION.dll
[0414/171936.471:ERROR:process_reader_win.cc(233)] ReadMemory at 0x75890000 of 64 bytes failed: 仅完成部分的 ReadProcessMemory 或 WriteProcessMemory 请求。 (0x12B)
[0414/171936.471:WARNING:pe_image_reader.cc(281)] could not read dos header from C:\Windows\System32\powrprof.dll
[0414/171936.471:ERROR:process_reader_win.cc(233)] ReadMemory at 0x75880000 of 64 bytes failed: 仅完成部分的 ReadProcessMemory 或 WriteProcessMemory 请求。 (0x12B)
[0414/171936.471:WARNING:pe_image_reader.cc(281)] could not read dos header from C:\Windows\System32\kernel.appcore.dll
[0414/171936.471:ERROR:process_reader_win.cc(233)] ReadMemory at 0x757f0000 of 64 bytes failed: 仅完成部分的 ReadProcessMemory 或 WriteProcessMemory 请求。 (0x12B)
[0414/171936.471:WARNING:pe_image_reader.cc(281)] could not read dos header from C:\Windows\System32\shcore.dll
[0414/171936.471:ERROR:process_reader_win.cc(233)] ReadMemory at 0x75380000 of 64 bytes failed: 仅完成部分的 ReadProcessMemory 或 WriteProcessMemory 请求。 (0x12B)
[0414/171936.471:WARNING:pe_image_reader.cc(281)] could not read dos header from C:\Windows\System32\profapi.dll
[0414/171936.471:ERROR:process_reader_win.cc(233)] ReadMemory at 0x73f90000 of 64 bytes failed: 仅完成部分的 ReadProcessMemory 或 WriteProcessMemory 请求。 (0x12B)
[0414/171936.471:WARNING:pe_image_reader.cc(281)] could not read dos header from C:\Windows\System32\windows.storage.dll
[0414/171936.471:ERROR:process_reader_win.cc(233)] ReadMemory at 0x75a40000 of 64 bytes failed: 仅完成部分的 ReadProcessMemory 或 WriteProcessMemory 请求。 (0x12B)
[0414/171936.471:WARNING:pe_image_reader.cc(281)] could not read dos header from C:\Windows\System32\SHELL32.dll
[0414/171936.471:ERROR:process_reader_win.cc(233)] ReadMemory at 0x73ef0000 of 64 bytes failed: 仅完成部分的 ReadProcessMemory 或 WriteProcessMemory 请求。 (0x12B)
[0414/171936.471:WARNING:pe_image_reader.cc(281)] could not read dos header from C:\Windows\SYSTEM32\USERENV.dll
[0414/171936.471:ERROR:process_reader_win.cc(233)] ReadMemory at 0x71730000 of 64 bytes failed: 仅完成部分的 ReadProcessMemory 或 WriteProcessMemory 请求。 (0x12B)
[0414/171936.471:WARNING:pe_image_reader.cc(281)] could not read dos header from C:\Windows\SYSTEM32\dwmapi.dll
[0414/171936.471:ERROR:process_reader_win.cc(233)] ReadMemory at 0x71130000 of 64 bytes failed: 仅完成部分的 ReadProcessMemory 或 WriteProcessMemory 请求。 (0x12B)
[0414/171936.471:WARNING:pe_image_reader.cc(281)] could not read dos header from C:\Windows\SYSTEM32\iertutil.dll
[0414/171936.471:ERROR:process_reader_win.cc(233)] ReadMemory at 0x71360000 of 64 bytes failed: 仅完成部分的 ReadProcessMemory 或 WriteProcessMemory 请求。 (0x12B)
[0414/171936.471:WARNING:pe_image_reader.cc(281)] could not read dos header from C:\Windows\SYSTEM32\urlmon.dll
[0414/171936.471:ERROR:process_reader_win.cc(233)] ReadMemory at 0x72e90000 of 64 bytes failed: 仅完成部分的 ReadProcessMemory 或 WriteProcessMemory 请求。 (0x12B)
[0414/171936.471:WARNING:pe_image_reader.cc(281)] could not read dos header from C:\Windows\SYSTEM32\bcrypt.dll
[0414/171936.471:ERROR:process_reader_win.cc(233)] ReadMemory at 0x70870000 of 64 bytes failed: 仅完成部分的 ReadProcessMemory 或 WriteProcessMemory 请求。 (0x12B)
[0414/171936.471:WARNING:pe_image_reader.cc(281)] could not read dos header from C:\Windows\SYSTEM32\WINSPOOL.DRV
[0414/171936.471:ERROR:process_reader_win.cc(233)] ReadMemory at 0x708e0000 of 64 bytes failed: 仅完成部分的 ReadProcessMemory 或 WriteProcessMemory 请求。 (0x12B)
[0414/171936.471:WARNING:pe_image_reader.cc(281)] could not read dos header from C:\Windows\SYSTEM32\MPR.dll
[0414/171936.471:ERROR:process_reader_win.cc(233)] ReadMemory at 0x55d0000 of 64 bytes failed: 仅完成部分的 ReadProcessMemory 或 WriteProcessMemory 请求。 (0x12B)
[0414/171936.471:WARNING:pe_image_reader.cc(281)] could not read dos header from C:\Program Files (x86)\Google\Chrome\Application\57.0.2987.110\chrome_elf.dll
[0414/171936.471:ERROR:process_reader_win.cc(233)] ReadMemory at 0x74860000 of 64 bytes failed: 仅完成部分的 ReadProcessMemory 或 WriteProcessMemory 请求。 (0x12B)
[0414/171936.471:WARNING:pe_image_reader.cc(281)] could not read dos header from C:\Windows\System32\PSAPI.DLL
[0414/171936.471:ERROR:process_reader_win.cc(233)] ReadMemory at 0x72720000 of 64 bytes failed: 仅完成部分的 ReadProcessMemory 或 WriteProcessMemory 请求。 (0x12B)
[0414/171936.471:WARNING:pe_image_reader.cc(281)] could not read dos header from C:\Windows\SYSTEM32\WINHTTP.dll
[0414/171936.471:ERROR:process_reader_win.cc(233)] ReadMemory at 0x77e80000 of 64 bytes failed: 仅完成部分的 ReadProcessMemory 或 WriteProcessMemory 请求。 (0x12B)
[0414/171936.471:WARNING:pe_image_reader.cc(281)] could not read dos header from C:\Windows\SYSTEM32\ninput.dll
[0414/171936.471:ERROR:process_reader_win.cc(233)] ReadMemory at 0x77410000 of 64 bytes failed: 仅完成部分的 ReadProcessMemory 或 WriteProcessMemory 请求。 (0x12B)
[0414/171936.471:WARNING:pe_image_reader.cc(281)] could not read dos header from C:\Windows\System32\WS2_32.dll
[0414/171936.471:ERROR:process_reader_win.cc(233)] ReadMemory at 0x73de0000 of 64 bytes failed: 仅完成部分的 ReadProcessMemory 或 WriteProcessMemory 请求。 (0x12B)
[0414/171936.471:WARNING:pe_image_reader.cc(281)] could not read dos header from C:\Windows\SYSTEM32\NETAPI32.dll
[0414/171936.471:ERROR:process_reader_win.cc(233)] ReadMemory at 0x72eb0000 of 64 bytes failed: 仅完成部分的 ReadProcessMemory 或 WriteProcessMemory 请求。 (0x12B)
[0414/171936.471:WARNING:pe_image_reader.cc(281)] could not read dos header from C:\Windows\SYSTEM32\WKSCLI.DLL
[0414/171936.471:ERROR:process_reader_win.cc(233)] ReadMemory at 0x73950000 of 64 bytes failed: 仅完成部分的 ReadProcessMemory 或 WriteProcessMemory 请求。 (0x12B)
[0414/171936.471:WARNING:pe_image_reader.cc(281)] could not read dos header from C:\Windows\SYSTEM32\NETUTILS.DLL
[0414/171936.471:ERROR:process_reader_win.cc(233)] ReadMemory at 0x72fb0000 of 64 bytes failed: 仅完成部分的 ReadProcessMemory 或 WriteProcessMemory 请求。 (0x12B)
[0414/171936.471:WARNING:pe_image_reader.cc(281)] could not read dos header from D:\Program Files (x86)\360Safe\safemon\safemon.dll
[0414/171936.471:ERROR:process_reader_win.cc(233)] ReadMemory at 0x5e580000 of 64 bytes failed: 仅完成部分的 ReadProcessMemory 或 WriteProcessMemory 请求。 (0x12B)
[0414/171936.471:WARNING:pe_image_reader.cc(281)] could not read dos header from D:\Program Files (x86)\360Safe\safemon\iNetSafe.dll
[0414/171936.471:ERROR:process_reader_win.cc(233)] ReadMemory at 0x70a30000 of 64 bytes failed: 仅完成部分的 ReadProcessMemory 或 WriteProcessMemory 请求。 (0x12B)
[0414/171936.471:WARNING:pe_image_reader.cc(281)] could not read dos header from C:\Windows\WinSxS\x86_microsoft.windows.common-controls_6595b64144ccf1df_6.0.14393.953_none_89c2555adb023171\COMCTL32.dll
[0414/171936.471:ERROR:process_reader_win.cc(233)] ReadMemory at 0x74f20000 of 64 bytes failed: 仅完成部分的 ReadProcessMemory 或 WriteProcessMemory 请求。 (0x12B)
[0414/171936.471:WARNING:pe_image_reader.cc(281)] could not read dos header from C:\Windows\System32\COMDLG32.dll
[0414/171936.471:ERROR:process_reader_win.cc(233)] ReadMemory at 0x71d50000 of 64 bytes failed: 仅完成部分的 ReadProcessMemory 或 WriteProcessMemory 请求。 (0x12B)
[0414/171936.471:WARNING:pe_image_reader.cc(281)] could not read dos header from C:\Windows\SYSTEM32\dbghelp.dll
[0414/171936.471:ERROR:process_reader_win.cc(233)] ReadMemory at 0x70360000 of 64 bytes failed: 仅完成部分的 ReadProcessMemory 或 WriteProcessMemory 请求。 (0x12B)
[0414/171936.471:WARNING:pe_image_reader.cc(281)] could not read dos header from C:\Windows\SYSTEM32\USP10.dll
[0414/171936.471:ERROR:process_reader_win.cc(233)] ReadMemory at 0x73db0000 of 64 bytes failed: 仅完成部分的 ReadProcessMemory 或 WriteProcessMemory 请求。 (0x12B)
[0414/171936.471:WARNING:pe_image_reader.cc(281)] could not read dos header from C:\Windows\SYSTEM32\IPHLPAPI.DLL
[0414/171936.472:ERROR:process_reader_win.cc(233)] ReadMemory at 0x73a90000 of 64 bytes failed: 仅完成部分的 ReadProcessMemory 或 WriteProcessMemory 请求。 (0x12B)
[0414/171936.472:WARNING:pe_image_reader.cc(281)] could not read dos header from C:\Windows\SYSTEM32\Secur32.dll
[0414/171936.472:ERROR:process_reader_win.cc(233)] ReadMemory at 0x6edd0000 of 64 bytes failed: 仅完成部分的 ReadProcessMemory 或 WriteProcessMemory 请求。 (0x12B)
[0414/171936.472:WARNING:pe_image_reader.cc(281)] could not read dos header from C:\Windows\SYSTEM32\DWrite.dll
[0414/171936.472:ERROR:process_reader_win.cc(233)] ReadMemory at 0x59e70000 of 64 bytes failed: 仅完成部分的 ReadProcessMemory 或 WriteProcessMemory 请求。 (0x12B)
[0414/171936.472:WARNING:pe_image_reader.cc(281)] could not read dos header from C:\Windows\SYSTEM32\FONTSUB.dll
[0414/171936.472:ERROR:process_reader_win.cc(233)] ReadMemory at 0x757e0000 of 64 bytes failed: 仅完成部分的 ReadProcessMemory 或 WriteProcessMemory 请求。 (0x12B)
[0414/171936.472:WARNING:pe_image_reader.cc(281)] could not read dos header from C:\Windows\System32\MSASN1.dll
[0414/171936.472:ERROR:process_reader_win.cc(233)] ReadMemory at 0x74da0000 of 64 bytes failed: 仅完成部分的 ReadProcessMemory 或 WriteProcessMemory 请求。 (0x12B)
[0414/171936.472:WARNING:pe_image_reader.cc(281)] could not read dos header from C:\Windows\System32\CRYPT32.dll
[0414/171936.472:ERROR:process_reader_win.cc(233)] ReadMemory at 0x76e20000 of 64 bytes failed: 仅完成部分的 ReadProcessMemory 或 WriteProcessMemory 请求。 (0x12B)
[0414/171936.472:WARNING:pe_image_reader.cc(281)] could not read dos header from C:\Windows\System32\WINTRUST.dll
[0414/171936.472:ERROR:process_reader_win.cc(233)] ReadMemory at 0xfae0000 of 64 bytes failed: 仅完成部分的 ReadProcessMemory 或 WriteProcessMemory 请求。 (0x12B)
[0414/171936.472:WARNING:pe_image_reader.cc(281)] could not read dos header from C:\Program Files (x86)\Google\Chrome\Application\57.0.2987.110\chrome_child.dll
[0414/171936.472:ERROR:process_reader_win.cc(233)] ReadMemory at 0xca0000 of 64 bytes failed: 仅完成部分的 ReadProcessMemory 或 WriteProcessMemory 请求。 (0x12B)
[0414/171936.472:WARNING:pe_image_reader.cc(281)] could not read dos header from C:\Program Files (x86)\Google\Chrome\Application\chrome.exe
[0414/171936.472:ERROR:process_reader_win.cc(233)] ReadMemory at 0x746b0000 of 64 bytes failed: 仅完成部分的 ReadProcessMemory 或 WriteProcessMemory 请求。 (0x12B)
[0414/171936.472:WARNING:pe_image_reader.cc(281)] could not read dos header from C:\Windows\System32\KERNELBASE.dll
[0414/171936.472:ERROR:process_reader_win.cc(233)] ReadMemory at 0x75070000 of 64 bytes failed: 仅完成部分的 ReadProcessMemory 或 WriteProcessMemory 请求。 (0x12B)
[0414/171936.472:WARNING:pe_image_reader.cc(281)] could not read dos header from C:\Windows\System32\KERNEL32.DLL
[0414/171936.472:ERROR:process_reader_win.cc(233)] ReadMemory at 0x78440000 of 64 bytes failed: 仅完成部分的 ReadProcessMemory 或 WriteProcessMemory 请求。 (0x12B)
[0414/171936.472:WARNING:pe_image_reader.cc(281)] could not read dos header from C:\Windows\AppPatch\AcGenral.dll
[0414/171936.472:ERROR:process_reader_win.cc(233)] ReadMemory at 0x77480000 of 64 bytes failed: 仅完成部分的 ReadProcessMemory 或 WriteProcessMemory 请求。 (0x12B)
[0414/171936.472:WARNING:pe_image_reader.cc(281)] could not read dos header from C:\Windows\SYSTEM32\ntdll.dll
[0414/171936.472:ERROR:process_reader_win.cc(233)] ReadMemory at 0x6ebf0000 of 64 bytes failed: 仅完成部分的 ReadProcessMemory 或 WriteProcessMemory 请求。 (0x12B)
[0414/171936.472:WARNING:pe_image_reader.cc(281)] could not read dos header from C:\Windows\system32\apphelp.dll
[0414/171936.472:ERROR:process_reader_win.cc(233)] ReadMemory at 0x74a80000 of 64 bytes failed: 仅完成部分的 ReadProcessMemory 或 WriteProcessMemory 请求。 (0x12B)
[0414/171936.472:WARNING:pe_image_reader.cc(281)] could not read dos header from C:\Windows\System32\msvcrt.dll
[0414/171936.472:ERROR:process_reader_win.cc(233)] ReadMemory at 0x75010000 of 64 bytes failed: 仅完成部分的 ReadProcessMemory 或 WriteProcessMemory 请求。 (0x12B)
[0414/171936.472:WARNING:pe_image_reader.cc(281)] could not read dos header from C:\Windows\System32\bcryptPrimitives.dll
[0414/171936.472:ERROR:process_reader_win.cc(233)] ReadMemory at 0x73f30000 of 64 bytes failed: 仅完成部分的 ReadProcessMemory 或 WriteProcessMemory 请求。 (0x12B)
[0414/171936.472:WARNING:pe_image_reader.cc(281)] could not read dos header from C:\Windows\System32\CRYPTBASE.dll
[0414/171936.472:ERROR:process_reader_win.cc(233)] ReadMemory at 0x73f40000 of 64 bytes failed: 仅完成部分的 ReadProcessMemory 或 WriteProcessMemory 请求。 (0x12B)
[0414/171936.472:WARNING:pe_image_reader.cc(281)] could not read dos header from C:\Windows\System32\SspiCli.dll
[0414/171936.472:ERROR:process_reader_win.cc(233)] ReadMemory at 0x74ca0000 of 64 bytes failed: 仅完成部分的 ReadProcessMemory 或 WriteProcessMemory 请求。 (0x12B)
[0414/171936.472:WARNING:pe_image_reader.cc(281)] could not read dos header from C:\Windows\System32\RPCRT4.dll
[0414/171936.472:ERROR:process_reader_win.cc(233)] ReadMemory at 0x74bb0000 of 64 bytes failed: 仅完成部分的 ReadProcessMemory 或 WriteProcessMemory 请求。 (0x12B)
[0414/171936.472:WARNING:pe_image_reader.cc(281)] could not read dos header from C:\Windows\System32\sechost.dll
[0414/171936.472:ERROR:process_reader_win.cc(233)] ReadMemory at 0x77330000 of 64 bytes failed: 仅完成部分的 ReadProcessMemory 或 WriteProcessMemory 请求。 (0x12B)
[0414/171936.472:WARNING:pe_image_reader.cc(281)] could not read dos header from C:\Windows\System32\ucrtbase.dll
[0414/171936.472:ERROR:process_reader_win.cc(233)] ReadMemory at 0x754e0000 of 64 bytes failed: 仅完成部分的 ReadProcessMemory 或 WriteProcessMemory 请求。 (0x12B)
[0414/171936.472:WARNING:pe_image_reader.cc(281)] could not read dos header from C:\Windows\System32\combase.dll
[0414/171936.472:ERROR:process_reader_win.cc(233)] ReadMemory at 0x74c00000 of 64 bytes failed: 仅完成部分的 ReadProcessMemory 或 WriteProcessMemory 请求。 (0x12B)
[0414/171936.472:WARNING:pe_image_reader.cc(281)] could not read dos header from C:\Windows\System32\win32u.dll
[0414/171936.472:ERROR:process_reader_win.cc(233)] ReadMemory at 0x74540000 of 64 bytes failed: 仅完成部分的 ReadProcessMemory 或 WriteProcessMemory 请求。 (0x12B)
[0414/171936.472:WARNING:pe_image_reader.cc(281)] could not read dos header from C:\Windows\System32\USER32.dll
[0414/171936.472:ERROR:process_reader_win.cc(233)] ReadMemory at 0x758e0000 of 64 bytes failed: 仅完成部分的 ReadProcessMemory 或 WriteProcessMemory 请求。 (0x12B)
[0414/171936.472:WARNING:pe_image_reader.cc(281)] could not read dos header from C:\Windows\System32\gdi32full.dll
[0414/171936.472:ERROR:process_reader_win.cc(233)] ReadMemory at 0x73f60000 of 64 bytes failed: 仅完成部分的 ReadProcessMemory 或 WriteProcessMemory 请求。 (0x12B)
[0414/171936.472:WARNING:pe_image_reader.cc(281)] could not read dos header from C:\Windows\System32\GDI32.dll
[0414/171936.472:ERROR:process_reader_win.cc(233)] ReadMemory at 0x74d70000 of 64 bytes failed: 仅完成部分的 ReadProcessMemory 或 WriteProcessMemory 请求。 (0x12B)
[0414/171936.472:WARNING:pe_image_reader.cc(281)] could not read dos header from C:\Windows\System32\IMM32.DLL
[0414/171936.472:ERROR:process_reader_win.cc(233)] ReadMemory at 0x74b40000 of 64 bytes failed: 仅完成部分的 ReadProcessMemory 或 WriteProcessMemory 请求。 (0x12B)
[0414/171936.473:WARNING:pe_image_reader.cc(281)] could not read dos header from C:\Windows\System32\SHLWAPI.dll
[0414/171936.473:ERROR:process_reader_win.cc(233)] ReadMemory at 0x71750000 of 64 bytes failed: 仅完成部分的 ReadProcessMemory 或 WriteProcessMemory 请求。 (0x12B)
[0414/171936.473:WARNING:pe_image_reader.cc(281)] could not read dos header from C:\Windows\SYSTEM32\UxTheme.dll
[0414/171936.473:ERROR:process_reader_win.cc(233)] ReadMemory at 0x74500000 of 64 bytes failed: 仅完成部分的 ReadProcessMemory 或 WriteProcessMemory 请求。 (0x12B)
[0414/171936.473:WARNING:pe_image_reader.cc(281)] could not read dos header from C:\Windows\System32\cfgmgr32.dll
[0414/171936.473:ERROR:process_reader_win.cc(233)] ReadMemory at 0x73ae0000 of 64 bytes failed: 仅完成部分的 ReadProcessMemory 或 WriteProcessMemory 请求。 (0x12B)
[0414/171936.473:WARNING:pe_image_reader.cc(281)] could not read dos header from C:\Windows\SYSTEM32\WINMMBASE.dll
[0414/171936.473:ERROR:process_reader_win.cc(233)] ReadMemory at 0x73b10000 of 64 bytes failed: 仅完成部分的 ReadProcessMemory 或 WriteProcessMemory 请求。 (0x12B)
[0414/171936.473:WARNING:pe_image_reader.cc(281)] could not read dos header from C:\Windows\SYSTEM32\WINMM.dll
[0414/171936.473:ERROR:process_reader_win.cc(233)] ReadMemory at 0x73960000 of 64 bytes failed: 仅完成部分的 ReadProcessMemory 或 WriteProcessMemory 请求。 (0x12B)
[0414/171936.473:WARNING:pe_image_reader.cc(281)] could not read dos header from C:\Windows\SYSTEM32\samcli.dll
[0414/171936.473:ERROR:process_reader_win.cc(233)] ReadMemory at 0x75290000 of 64 bytes failed: 仅完成部分的 ReadProcessMemory 或 WriteProcessMemory 请求。 (0x12B)
[0414/171936.473:WARNING:pe_image_reader.cc(281)] could not read dos header from C:\Windows\System32\ole32.dll
[0414/171936.473:ERROR:process_reader_win.cc(233)] ReadMemory at 0x75760000 of 64 bytes failed: 仅完成部分的 ReadProcessMemory 或 WriteProcessMemory 请求。 (0x12B)
[0414/171936.473:WARNING:pe_image_reader.cc(281)] could not read dos header from C:\Windows\System32\msvcp_win.dll
[0414/171936.473:ERROR:process_reader_win.cc(233)] ReadMemory at 0x749e0000 of 64 bytes failed: 仅完成部分的 ReadProcessMemory 或 WriteProcessMemory 请求。 (0x12B)
[0414/171936.473:WARNING:pe_image_reader.cc(281)] could not read dos header from C:\Windows\System32\OLEAUT32.dll
[0414/171936.473:ERROR:process_reader_win.cc(233)] ReadMemory at 0x74c20000 of 64 bytes failed: 仅完成部分的 ReadProcessMemory 或 WriteProcessMemory 请求。 (0x12B)
[0414/171936.473:WARNING:pe_image_reader.cc(281)] could not read dos header from C:\Windows\System32\advapi32.dll
[0414/171936.473:ERROR:process_reader_win.cc(233)] ReadMemory at 0x6f800000 of 64 bytes failed: 仅完成部分的 ReadProcessMemory 或 WriteProcessMemory 请求。 (0x12B)
[0414/171936.473:WARNING:pe_image_reader.cc(281)] could not read dos header from C:\Windows\SYSTEM32\MSACM32.dll
[0414/171936.473:ERROR:process_reader_win.cc(233)] ReadMemory at 0x73f20000 of 64 bytes failed: 仅完成部分的 ReadProcessMemory 或 WriteProcessMemory 请求。 (0x12B)
[0414/171936.473:WARNING:pe_image_reader.cc(281)] could not read dos header from C:\Windows\SYSTEM32\VERSION.dll
[0414/171936.473:ERROR:process_reader_win.cc(233)] ReadMemory at 0x75890000 of 64 bytes failed: 仅完成部分的 ReadProcessMemory 或 WriteProcessMemory 请求。 (0x12B)
[0414/171936.473:WARNING:pe_image_reader.cc(281)] could not read dos header from C:\Windows\System32\powrprof.dll
[0414/171936.473:ERROR:process_reader_win.cc(233)] ReadMemory at 0x75880000 of 64 bytes failed: 仅完成部分的 ReadProcessMemory 或 WriteProcessMemory 请求。 (0x12B)
[0414/171936.473:WARNING:pe_image_reader.cc(281)] could not read dos header from C:\Windows\System32\kernel.appcore.dll
[0414/171936.473:ERROR:process_reader_win.cc(233)] ReadMemory at 0x757f0000 of 64 bytes failed: 仅完成部分的 ReadProcessMemory 或 WriteProcessMemory 请求。 (0x12B)
[0414/171936.473:WARNING:pe_image_reader.cc(281)] could not read dos header from C:\Windows\System32\shcore.dll
[0414/171936.473:ERROR:process_reader_win.cc(233)] ReadMemory at 0x75380000 of 64 bytes failed: 仅完成部分的 ReadProcessMemory 或 WriteProcessMemory 请求。 (0x12B)
[0414/171936.473:WARNING:pe_image_reader.cc(281)] could not read dos header from C:\Windows\System32\profapi.dll
[0414/171936.473:ERROR:process_reader_win.cc(233)] ReadMemory at 0x73f90000 of 64 bytes failed: 仅完成部分的 ReadProcessMemory 或 WriteProcessMemory 请求。 (0x12B)
[0414/171936.473:WARNING:pe_image_reader.cc(281)] could not read dos header from C:\Windows\System32\windows.storage.dll
[0414/171936.473:ERROR:process_reader_win.cc(233)] ReadMemory at 0x75a40000 of 64 bytes failed: 仅完成部分的 ReadProcessMemory 或 WriteProcessMemory 请求。 (0x12B)
[0414/171936.473:WARNING:pe_image_reader.cc(281)] could not read dos header from C:\Windows\System32\SHELL32.dll
[0414/171936.473:ERROR:process_reader_win.cc(233)] ReadMemory at 0x73ef0000 of 64 bytes failed: 仅完成部分的 ReadProcessMemory 或 WriteProcessMemory 请求。 (0x12B)
[0414/171936.473:WARNING:pe_image_reader.cc(281)] could not read dos header from C:\Windows\SYSTEM32\USERENV.dll
[0414/171936.473:ERROR:process_reader_win.cc(233)] ReadMemory at 0x71730000 of 64 bytes failed: 仅完成部分的 ReadProcessMemory 或 WriteProcessMemory 请求。 (0x12B)
[0414/171936.473:WARNING:pe_image_reader.cc(281)] could not read dos header from C:\Windows\SYSTEM32\dwmapi.dll
[0414/171936.473:ERROR:process_reader_win.cc(233)] ReadMemory at 0x71130000 of 64 bytes failed: 仅完成部分的 ReadProcessMemory 或 WriteProcessMemory 请求。 (0x12B)
[0414/171936.473:WARNING:pe_image_reader.cc(281)] could not read dos header from C:\Windows\SYSTEM32\iertutil.dll
[0414/171936.473:ERROR:process_reader_win.cc(233)] ReadMemory at 0x71360000 of 64 bytes failed: 仅完成部分的 ReadProcessMemory 或 WriteProcessMemory 请求。 (0x12B)
[0414/171936.473:WARNING:pe_image_reader.cc(281)] could not read dos header from C:\Windows\SYSTEM32\urlmon.dll
[0414/171936.473:ERROR:process_reader_win.cc(233)] ReadMemory at 0x72e90000 of 64 bytes failed: 仅完成部分的 ReadProcessMemory 或 WriteProcessMemory 请求。 (0x12B)
[0414/171936.473:WARNING:pe_image_reader.cc(281)] could not read dos header from C:\Windows\SYSTEM32\bcrypt.dll
[0414/171936.473:ERROR:process_reader_win.cc(233)] ReadMemory at 0x70870000 of 64 bytes failed: 仅完成部分的 ReadProcessMemory 或 WriteProcessMemory 请求。 (0x12B)
[0414/171936.473:WARNING:pe_image_reader.cc(281)] could not read dos header from C:\Windows\SYSTEM32\WINSPOOL.DRV
[0414/171936.473:ERROR:process_reader_win.cc(233)] ReadMemory at 0x708e0000 of 64 bytes failed: 仅完成部分的 ReadProcessMemory 或 WriteProcessMemory 请求。 (0x12B)
[0414/171936.473:WARNING:pe_image_reader.cc(281)] could not read dos header from C:\Windows\SYSTEM32\MPR.dll
[0414/171936.473:ERROR:process_reader_win.cc(233)] ReadMemory at 0x55d0000 of 64 bytes failed: 仅完成部分的 ReadProcessMemory 或 WriteProcessMemory 请求。 (0x12B)
[0414/171936.473:WARNING:pe_image_reader.cc(281)] could not read dos header from C:\Program Files (x86)\Google\Chrome\Application\57.0.2987.110\chrome_elf.dll
[0414/171936.473:ERROR:process_reader_win.cc(233)] ReadMemory at 0x74860000 of 64 bytes failed: 仅完成部分的 ReadProcessMemory 或 WriteProcessMemory 请求。 (0x12B)
[0414/171936.473:WARNING:pe_image_reader.cc(281)] could not read dos header from C:\Windows\System32\PSAPI.DLL
[0414/171936.473:ERROR:process_reader_win.cc(233)] ReadMemory at 0x72720000 of 64 bytes failed: 仅完成部分的 ReadProcessMemory 或 WriteProcessMemory 请求。 (0x12B)
[0414/171936.473:WARNING:pe_image_reader.cc(281)] could not read dos header from C:\Windows\SYSTEM32\WINHTTP.dll
[0414/171936.473:ERROR:process_reader_win.cc(233)] ReadMemory at 0x77e80000 of 64 bytes failed: 仅完成部分的 ReadProcessMemory 或 WriteProcessMemory 请求。 (0x12B)
[0414/171936.473:WARNING:pe_image_reader.cc(281)] could not read dos header from C:\Windows\SYSTEM32\ninput.dll
[0414/171936.473:ERROR:process_reader_win.cc(233)] ReadMemory at 0x77410000 of 64 bytes failed: 仅完成部分的 ReadProcessMemory 或 WriteProcessMemory 请求。 (0x12B)
[0414/171936.473:WARNING:pe_image_reader.cc(281)] could not read dos header from C:\Windows\System32\WS2_32.dll
[0414/171936.473:ERROR:process_reader_win.cc(233)] ReadMemory at 0x73de0000 of 64 bytes failed: 仅完成部分的 ReadProcessMemory 或 WriteProcessMemory 请求。 (0x12B)
[0414/171936.473:WARNING:pe_image_reader.cc(281)] could not read dos header from C:\Windows\SYSTEM32\NETAPI32.dll
[0414/171936.473:ERROR:process_reader_win.cc(233)] ReadMemory at 0x72eb0000 of 64 bytes failed: 仅完成部分的 ReadProcessMemory 或 WriteProcessMemory 请求。 (0x12B)
[0414/171936.473:WARNING:pe_image_reader.cc(281)] could not read dos header from C:\Windows\SYSTEM32\WKSCLI.DLL
[0414/171936.473:ERROR:process_reader_win.cc(233)] ReadMemory at 0x73950000 of 64 bytes failed: 仅完成部分的 ReadProcessMemory 或 WriteProcessMemory 请求。 (0x12B)
[0414/171936.473:WARNING:pe_image_reader.cc(281)] could not read dos header from C:\Windows\SYSTEM32\NETUTILS.DLL
[0414/171936.473:ERROR:process_reader_win.cc(233)] ReadMemory at 0x72fb0000 of 64 bytes failed: 仅完成部分的 ReadProcessMemory 或 WriteProcessMemory 请求。 (0x12B)
[0414/171936.473:WARNING:pe_image_reader.cc(281)] could not read dos header from D:\Program Files (x86)\360Safe\safemon\safemon.dll
[0414/171936.474:ERROR:process_reader_win.cc(233)] ReadMemory at 0x5e580000 of 64 bytes failed: 仅完成部分的 ReadProcessMemory 或 WriteProcessMemory 请求。 (0x12B)
[0414/171936.474:WARNING:pe_image_reader.cc(281)] could not read dos header from D:\Program Files (x86)\360Safe\safemon\iNetSafe.dll
[0414/171936.474:ERROR:process_reader_win.cc(233)] ReadMemory at 0x70a30000 of 64 bytes failed: 仅完成部分的 ReadProcessMemory 或 WriteProcessMemory 请求。 (0x12B)
[0414/171936.474:WARNING:pe_image_reader.cc(281)] could not read dos header from C:\Windows\WinSxS\x86_microsoft.windows.common-controls_6595b64144ccf1df_6.0.14393.953_none_89c2555adb023171\COMCTL32.dll
[0414/171936.474:ERROR:process_reader_win.cc(233)] ReadMemory at 0x74f20000 of 64 bytes failed: 仅完成部分的 ReadProcessMemory 或 WriteProcessMemory 请求。 (0x12B)
[0414/171936.474:WARNING:pe_image_reader.cc(281)] could not read dos header from C:\Windows\System32\COMDLG32.dll
[0414/171936.474:ERROR:process_reader_win.cc(233)] ReadMemory at 0x71d50000 of 64 bytes failed: 仅完成部分的 ReadProcessMemory 或 WriteProcessMemory 请求。 (0x12B)
[0414/171936.474:WARNING:pe_image_reader.cc(281)] could not read dos header from C:\Windows\SYSTEM32\dbghelp.dll
[0414/171936.474:ERROR:process_reader_win.cc(233)] ReadMemory at 0x70360000 of 64 bytes failed: 仅完成部分的 ReadProcessMemory 或 WriteProcessMemory 请求。 (0x12B)
[0414/171936.474:WARNING:pe_image_reader.cc(281)] could not read dos header from C:\Windows\SYSTEM32\USP10.dll
[0414/171936.474:ERROR:process_reader_win.cc(233)] ReadMemory at 0x73db0000 of 64 bytes failed: 仅完成部分的 ReadProcessMemory 或 WriteProcessMemory 请求。 (0x12B)
[0414/171936.474:WARNING:pe_image_reader.cc(281)] could not read dos header from C:\Windows\SYSTEM32\IPHLPAPI.DLL
[0414/171936.474:ERROR:process_reader_win.cc(233)] ReadMemory at 0x73a90000 of 64 bytes failed: 仅完成部分的 ReadProcessMemory 或 WriteProcessMemory 请求。 (0x12B)
[0414/171936.474:WARNING:pe_image_reader.cc(281)] could not read dos header from C:\Windows\SYSTEM32\Secur32.dll
[0414/171936.474:ERROR:process_reader_win.cc(233)] ReadMemory at 0x6edd0000 of 64 bytes failed: 仅完成部分的 ReadProcessMemory 或 WriteProcessMemory 请求。 (0x12B)
[0414/171936.474:WARNING:pe_image_reader.cc(281)] could not read dos header from C:\Windows\SYSTEM32\DWrite.dll
[0414/171936.474:ERROR:process_reader_win.cc(233)] ReadMemory at 0x59e70000 of 64 bytes failed: 仅完成部分的 ReadProcessMemory 或 WriteProcessMemory 请求。 (0x12B)
[0414/171936.474:WARNING:pe_image_reader.cc(281)] could not read dos header from C:\Windows\SYSTEM32\FONTSUB.dll
[0414/171936.474:ERROR:process_reader_win.cc(233)] ReadMemory at 0x757e0000 of 64 bytes failed: 仅完成部分的 ReadProcessMemory 或 WriteProcessMemory 请求。 (0x12B)
[0414/171936.474:WARNING:pe_image_reader.cc(281)] could not read dos header from C:\Windows\System32\MSASN1.dll
[0414/171936.474:ERROR:process_reader_win.cc(233)] ReadMemory at 0x74da0000 of 64 bytes failed: 仅完成部分的 ReadProcessMemory 或 WriteProcessMemory 请求。 (0x12B)
[0414/171936.474:WARNING:pe_image_reader.cc(281)] could not read dos header from C:\Windows\System32\CRYPT32.dll
[0414/171936.474:ERROR:process_reader_win.cc(233)] ReadMemory at 0x76e20000 of 64 bytes failed: 仅完成部分的 ReadProcessMemory 或 WriteProcessMemory 请求。 (0x12B)
[0414/171936.474:WARNING:pe_image_reader.cc(281)] could not read dos header from C:\Windows\System32\WINTRUST.dll
[0414/171936.474:ERROR:process_reader_win.cc(233)] ReadMemory at 0xfae0000 of 64 bytes failed: 仅完成部分的 ReadProcessMemory 或 WriteProcessMemory 请求。 (0x12B)
[0414/171936.474:WARNING:pe_image_reader.cc(281)] could not read dos header from C:\Program Files (x86)\Google\Chrome\Application\57.0.2987.110\chrome_child.dll
[0414/171936.504:ERROR:process_reader_win.cc(233)] ReadMemory at 0x52f3000 of 53248 bytes failed: 仅完成部分的 ReadProcessMemory 或 WriteProcessMemory 请求。 (0x12B)
[0414/171936.504:ERROR:crash_report_exception_handler.cc(111)] WriteEverything failed
[0414/171936.506:ERROR:scoped_process_suspend.cc(38)] NtResumeProcess: 已尝试访问正在退出的过程。  (0xc000010a)
